#
# There is insufficient memory for the Java Runtime Environment to continue.
# Native memory allocation (malloc) failed to allocate 32744 bytes for ChunkPool::allocate
# Possible reasons:
#   The system is out of physical RAM or swap space
#   The process is running with CompressedOops enabled, and the Java Heap may be blocking the growth of the native heap
# Possible solutions:
#   Reduce memory load on the system
#   Increase physical memory or swap space
#   Check if swap backing store is full
#   Decrease Java heap size (-Xmx/-Xms)
#   Decrease number of Java threads
#   Decrease Java thread stack sizes (-Xss)
#   Set larger code cache with -XX:ReservedCodeCacheSize=
#   JVM is running with Unscaled Compressed Oops mode in which the Java heap is
#     placed in the first 4GB address space. The Java Heap base address is the
#     maximum limit for the native heap growth. Please use -XX:HeapBaseMinAddress
#     to set the Java Heap base and to place the Java Heap above 4GB virtual address.
# This output file may be truncated or incomplete.
#
#  Out of Memory Error (t:/workspace/open/src/hotspot/share/memory/arena.cpp:80), pid=7628, tid=10044
#
# JRE version: Java(TM) SE Runtime Environment (13.0.1+9) (build 13.0.1+9)
# Java VM: Java HotSpot(TM) 64-Bit Server VM (13.0.1+9, mixed mode, sharing, tiered, compressed oops, g1 gc, windows-amd64)
# No core dump will be written. Minidumps are not enabled by default on client versions of Windows
#

---------------  S U M M A R Y ------------

Command Line: com.mycompany.votacao.Telavotos

Host: Intel(R) Core(TM) i3-5005U CPU @ 2.00GHz, 4 cores, 3G,  Windows 10 , 64 bit Build 17763 (10.0.17763.475)
Time: Thu Jan  2 15:18:02 2020 Hora oficial do Brasil elapsed time: 53 seconds (0d 0h 0m 53s)

---------------  T H R E A D  ---------------

Current thread (0x000001eccaf1f800):  JavaThread "C1 CompilerThread0" daemon [_thread_in_native, id=10044, stack(0x000000d072700000,0x000000d072800000)]


Current CompileTask:
C1:  53668 1560   !   3       java.awt.KeyboardFocusManager::processCurrentLightweightRequests (345 bytes)

Stack: [0x000000d072700000,0x000000d072800000]
Native frames: (J=compiled Java code, j=interpreted, Vv=VM code, C=native code)
V  [jvm.dll+0x626eca]
V  [jvm.dll+0x772c6a]
V  [jvm.dll+0x77441f]
V  [jvm.dll+0x774a23]
V  [jvm.dll+0x24da58]
V  [jvm.dll+0xc3d16]
V  [jvm.dll+0xc406c]
V  [jvm.dll+0xcf98a]
V  [jvm.dll+0x158880]
V  [jvm.dll+0x163a1a]
V  [jvm.dll+0x163b0f]
V  [jvm.dll+0x15a5b3]
V  [jvm.dll+0x1577fe]
V  [jvm.dll+0x143c50]
V  [jvm.dll+0x12bdf9]
V  [jvm.dll+0x12b6ff]
V  [jvm.dll+0x12b92f]
V  [jvm.dll+0x12abc7]
V  [jvm.dll+0x12cae7]
V  [jvm.dll+0x2159bd]
V  [jvm.dll+0x213e6b]
V  [jvm.dll+0x738b16]
V  [jvm.dll+0x731c0a]
V  [jvm.dll+0x6260c6]
C  [ucrtbase.dll+0x21ffa]
C  [KERNEL32.DLL+0x17974]
C  [ntdll.dll+0x6a271]


---------------  P R O C E S S  ---------------

Threads class SMR info:
_java_thread_list=0x000001eccc394a80, length=15, elements={
0x000001eccaef8000, 0x000001eccaefa000, 0x000001eccaf17000, 0x000001eccaf19000,
0x000001eccaf1c000, 0x000001eccaf1f800, 0x000001eccaf22800, 0x000001eccb960000,
0x000001eccb993000, 0x000001eccbb94800, 0x000001eccbbbb800, 0x000001eccb9b1000,
0x000001eccb9b2000, 0x000001ecaeee5000, 0x000001eccc33f800
}

Java Threads: ( => current thread )
  0x000001eccaef8000 JavaThread "Reference Handler" daemon [_thread_blocked, id=1632, stack(0x000000d072200000,0x000000d072300000)]
  0x000001eccaefa000 JavaThread "Finalizer" daemon [_thread_blocked, id=7636, stack(0x000000d072300000,0x000000d072400000)]
  0x000001eccaf17000 JavaThread "Signal Dispatcher" daemon [_thread_blocked, id=3988, stack(0x000000d072400000,0x000000d072500000)]
  0x000001eccaf19000 JavaThread "Attach Listener" daemon [_thread_blocked, id=10800, stack(0x000000d072500000,0x000000d072600000)]
  0x000001eccaf1c000 JavaThread "C2 CompilerThread0" daemon [_thread_in_native, id=12036, stack(0x000000d072600000,0x000000d072700000)]
=>0x000001eccaf1f800 JavaThread "C1 CompilerThread0" daemon [_thread_in_native, id=10044, stack(0x000000d072700000,0x000000d072800000)]
  0x000001eccaf22800 JavaThread "Sweeper thread" daemon [_thread_blocked, id=352, stack(0x000000d072800000,0x000000d072900000)]
  0x000001eccb960000 JavaThread "Service Thread" daemon [_thread_blocked, id=6796, stack(0x000000d072900000,0x000000d072a00000)]
  0x000001eccb993000 JavaThread "Common-Cleaner" daemon [_thread_blocked, id=9620, stack(0x000000d072b00000,0x000000d072c00000)]
  0x000001eccbb94800 JavaThread "Java2D Disposer" daemon [_thread_blocked, id=7700, stack(0x000000d072c00000,0x000000d072d00000)]
  0x000001eccbbbb800 JavaThread "AWT-Windows" daemon [_thread_blocked, id=8256, stack(0x000000d072e00000,0x000000d072f00000)]
  0x000001eccb9b1000 JavaThread "AWT-Shutdown" [_thread_blocked, id=6036, stack(0x000000d072d00000,0x000000d072e00000)]
  0x000001eccb9b2000 JavaThread "AWT-EventQueue-0" [_thread_in_vm, id=1776, stack(0x000000d072f00000,0x000000d073000000)]
  0x000001ecaeee5000 JavaThread "DestroyJavaVM" [_thread_blocked, id=11700, stack(0x000000d071b00000,0x000000d071c00000)]
  0x000001eccc33f800 JavaThread "TimerQueue" daemon [_thread_blocked, id=4176, stack(0x000000d073300000,0x000000d073400000)]

Other Threads:
  0x000001eccaeea800 VMThread "VM Thread" [stack: 0x000000d072100000,0x000000d072200000] [id=2096] _threads_hazard_ptr=0x000001eccc394a80
  0x000001eccb991800 WatcherThread [stack: 0x000000d072a00000,0x000000d072b00000] [id=9612]
  0x000001ecaef13800 GCTaskThread "GC Thread#0" [stack: 0x000000d071c00000,0x000000d071d00000] [id=11384]
  0x000001eccdf25800 GCTaskThread "GC Thread#1" [stack: 0x000000d073400000,0x000000d073500000] [id=7484]
  0x000001eccdf27000 GCTaskThread "GC Thread#2" [stack: 0x000000d073500000,0x000000d073600000] [id=12800]
  0x000001eccdf28000 GCTaskThread "GC Thread#3" [stack: 0x000000d073600000,0x000000d073700000] [id=12304]
  0x000001ecaef1d000 ConcurrentGCThread "G1 Main Marker" [stack: 0x000000d071d00000,0x000000d071e00000] [id=12820]
  0x000001ecaef20800 ConcurrentGCThread "G1 Conc#0" [stack: 0x000000d071e00000,0x000000d071f00000] [id=11124]
  0x000001ecaef78000 ConcurrentGCThread "G1 Refine#0" [stack: 0x000000d071f00000,0x000000d072000000] [id=1988]
  0x000001ecaef79000 ConcurrentGCThread "G1 Young RemSet Sampling" [stack: 0x000000d072000000,0x000000d072100000] [id=4480]

Threads with active compile tasks:
C2 CompilerThread0    56229 1562       4       sun.awt.AWTAutoShutdown::isReadyToShutdown (37 bytes)
C1 CompilerThread0    56229 1560   !   3       java.awt.KeyboardFocusManager::processCurrentLightweightRequests (345 bytes)

VM state:synchronizing (normal execution)

VM Mutex/Monitor currently owned by a thread:  ([mutex/lock_event])
[0x000001ecaeee0c80] Threads_lock - owner thread: 0x000001eccaeea800

Heap address: 0x00000000c1200000, size: 1006 MB, Compressed Oops mode: 32-bit
Narrow klass base: 0x0000000800000000, Narrow klass shift: 3
Compressed class space size: 1073741824 Address: 0x0000000800b40000

Heap:
 garbage-first heap   total 65536K, used 5687K [0x00000000c1200000, 0x0000000100000000)
  region size 1024K, 5 young (5120K), 2 survivors (2048K)
 Metaspace       used 10547K, capacity 10779K, committed 11136K, reserved 1058816K
  class space    used 1183K, capacity 1296K, committed 1408K, reserved 1048576K
Heap Regions: E=young(eden), S=young(survivor), O=old, HS=humongous(starts), HC=humongous(continues), CS=collection set, F=free, A=archive, TAMS=top-at-mark-start (previous, next)
|   0|0x00000000c1200000, 0x00000000c1300000, 0x00000000c1300000|100%|HS|  |TAMS 0x00000000c1200000, 0x00000000c1200000| Complete 
|   1|0x00000000c1300000, 0x00000000c138dc00, 0x00000000c1400000| 55%| O|  |TAMS 0x00000000c1300000, 0x00000000c1300000| Untracked 
|   2|0x00000000c1400000, 0x00000000c1400000, 0x00000000c1500000|  0%| F|  |TAMS 0x00000000c1400000, 0x00000000c1400000| Untracked 
|   3|0x00000000c1500000, 0x00000000c1500000, 0x00000000c1600000|  0%| F|  |TAMS 0x00000000c1500000, 0x00000000c1500000| Untracked 
|   4|0x00000000c1600000, 0x00000000c1600000, 0x00000000c1700000|  0%| F|  |TAMS 0x00000000c1600000, 0x00000000c1600000| Untracked 
|   5|0x00000000c1700000, 0x00000000c1700000, 0x00000000c1800000|  0%| F|  |TAMS 0x00000000c1700000, 0x00000000c1700000| Untracked 
|   6|0x00000000c1800000, 0x00000000c1800000, 0x00000000c1900000|  0%| F|  |TAMS 0x00000000c1800000, 0x00000000c1800000| Untracked 
|   7|0x00000000c1900000, 0x00000000c1900000, 0x00000000c1a00000|  0%| F|  |TAMS 0x00000000c1900000, 0x00000000c1900000| Untracked 
|   8|0x00000000c1a00000, 0x00000000c1a00000, 0x00000000c1b00000|  0%| F|  |TAMS 0x00000000c1a00000, 0x00000000c1a00000| Untracked 
|   9|0x00000000c1b00000, 0x00000000c1b00000, 0x00000000c1c00000|  0%| F|  |TAMS 0x00000000c1b00000, 0x00000000c1b00000| Untracked 
|  10|0x00000000c1c00000, 0x00000000c1c00000, 0x00000000c1d00000|  0%| F|  |TAMS 0x00000000c1c00000, 0x00000000c1c00000| Untracked 
|  11|0x00000000c1d00000, 0x00000000c1d00000, 0x00000000c1e00000|  0%| F|  |TAMS 0x00000000c1d00000, 0x00000000c1d00000| Untracked 
|  12|0x00000000c1e00000, 0x00000000c1e00000, 0x00000000c1f00000|  0%| F|  |TAMS 0x00000000c1e00000, 0x00000000c1e00000| Untracked 
|  13|0x00000000c1f00000, 0x00000000c1f00000, 0x00000000c2000000|  0%| F|  |TAMS 0x00000000c1f00000, 0x00000000c1f00000| Untracked 
|  14|0x00000000c2000000, 0x00000000c2000000, 0x00000000c2100000|  0%| F|  |TAMS 0x00000000c2000000, 0x00000000c2000000| Untracked 
|  15|0x00000000c2100000, 0x00000000c2100000, 0x00000000c2200000|  0%| F|  |TAMS 0x00000000c2100000, 0x00000000c2100000| Untracked 
|  16|0x00000000c2200000, 0x00000000c2200000, 0x00000000c2300000|  0%| F|  |TAMS 0x00000000c2200000, 0x00000000c2200000| Untracked 
|  17|0x00000000c2300000, 0x00000000c2300000, 0x00000000c2400000|  0%| F|  |TAMS 0x00000000c2300000, 0x00000000c2300000| Untracked 
|  18|0x00000000c2400000, 0x00000000c2400000, 0x00000000c2500000|  0%| F|  |TAMS 0x00000000c2400000, 0x00000000c2400000| Untracked 
|  19|0x00000000c2500000, 0x00000000c2500000, 0x00000000c2600000|  0%| F|  |TAMS 0x00000000c2500000, 0x00000000c2500000| Untracked 
|  20|0x00000000c2600000, 0x00000000c2600000, 0x00000000c2700000|  0%| F|  |TAMS 0x00000000c2600000, 0x00000000c2600000| Untracked 
|  21|0x00000000c2700000, 0x00000000c2700000, 0x00000000c2800000|  0%| F|  |TAMS 0x00000000c2700000, 0x00000000c2700000| Untracked 
|  22|0x00000000c2800000, 0x00000000c2800000, 0x00000000c2900000|  0%| F|  |TAMS 0x00000000c2800000, 0x00000000c2800000| Untracked 
|  23|0x00000000c2900000, 0x00000000c2900000, 0x00000000c2a00000|  0%| F|  |TAMS 0x00000000c2900000, 0x00000000c2900000| Untracked 
|  24|0x00000000c2a00000, 0x00000000c2a00000, 0x00000000c2b00000|  0%| F|  |TAMS 0x00000000c2a00000, 0x00000000c2a00000| Untracked 
|  25|0x00000000c2b00000, 0x00000000c2b00000, 0x00000000c2c00000|  0%| F|  |TAMS 0x00000000c2b00000, 0x00000000c2b00000| Untracked 
|  26|0x00000000c2c00000, 0x00000000c2c00000, 0x00000000c2d00000|  0%| F|  |TAMS 0x00000000c2c00000, 0x00000000c2c00000| Untracked 
|  27|0x00000000c2d00000, 0x00000000c2d00000, 0x00000000c2e00000|  0%| F|  |TAMS 0x00000000c2d00000, 0x00000000c2d00000| Untracked 
|  28|0x00000000c2e00000, 0x00000000c2e00000, 0x00000000c2f00000|  0%| F|  |TAMS 0x00000000c2e00000, 0x00000000c2e00000| Untracked 
|  29|0x00000000c2f00000, 0x00000000c2f00000, 0x00000000c3000000|  0%| F|  |TAMS 0x00000000c2f00000, 0x00000000c2f00000| Untracked 
|  30|0x00000000c3000000, 0x00000000c3000000, 0x00000000c3100000|  0%| F|  |TAMS 0x00000000c3000000, 0x00000000c3000000| Untracked 
|  31|0x00000000c3100000, 0x00000000c3100000, 0x00000000c3200000|  0%| F|  |TAMS 0x00000000c3100000, 0x00000000c3100000| Untracked 
|  32|0x00000000c3200000, 0x00000000c3200000, 0x00000000c3300000|  0%| F|  |TAMS 0x00000000c3200000, 0x00000000c3200000| Untracked 
|  33|0x00000000c3300000, 0x00000000c3300000, 0x00000000c3400000|  0%| F|  |TAMS 0x00000000c3300000, 0x00000000c3300000| Untracked 
|  34|0x00000000c3400000, 0x00000000c3400000, 0x00000000c3500000|  0%| F|  |TAMS 0x00000000c3400000, 0x00000000c3400000| Untracked 
|  35|0x00000000c3500000, 0x00000000c3500000, 0x00000000c3600000|  0%| F|  |TAMS 0x00000000c3500000, 0x00000000c3500000| Untracked 
|  36|0x00000000c3600000, 0x00000000c3600000, 0x00000000c3700000|  0%| F|  |TAMS 0x00000000c3600000, 0x00000000c3600000| Untracked 
|  37|0x00000000c3700000, 0x00000000c3700000, 0x00000000c3800000|  0%| F|  |TAMS 0x00000000c3700000, 0x00000000c3700000| Untracked 
|  38|0x00000000c3800000, 0x00000000c3800000, 0x00000000c3900000|  0%| F|  |TAMS 0x00000000c3800000, 0x00000000c3800000| Untracked 
|  39|0x00000000c3900000, 0x00000000c3900000, 0x00000000c3a00000|  0%| F|  |TAMS 0x00000000c3900000, 0x00000000c3900000| Untracked 
|  40|0x00000000c3a00000, 0x00000000c3a00000, 0x00000000c3b00000|  0%| F|  |TAMS 0x00000000c3a00000, 0x00000000c3a00000| Untracked 
|  41|0x00000000c3b00000, 0x00000000c3b00000, 0x00000000c3c00000|  0%| F|  |TAMS 0x00000000c3b00000, 0x00000000c3b00000| Untracked 
|  42|0x00000000c3c00000, 0x00000000c3c00000, 0x00000000c3d00000|  0%| F|  |TAMS 0x00000000c3c00000, 0x00000000c3c00000| Untracked 
|  43|0x00000000c3d00000, 0x00000000c3d00000, 0x00000000c3e00000|  0%| F|  |TAMS 0x00000000c3d00000, 0x00000000c3d00000| Untracked 
|  44|0x00000000c3e00000, 0x00000000c3e00000, 0x00000000c3f00000|  0%| F|  |TAMS 0x00000000c3e00000, 0x00000000c3e00000| Untracked 
|  45|0x00000000c3f00000, 0x00000000c3f00000, 0x00000000c4000000|  0%| F|  |TAMS 0x00000000c3f00000, 0x00000000c3f00000| Untracked 
|  46|0x00000000c4000000, 0x00000000c4000000, 0x00000000c4100000|  0%| F|  |TAMS 0x00000000c4000000, 0x00000000c4000000| Untracked 
|  47|0x00000000c4100000, 0x00000000c4100000, 0x00000000c4200000|  0%| F|  |TAMS 0x00000000c4100000, 0x00000000c4100000| Untracked 
|  48|0x00000000c4200000, 0x00000000c4300000, 0x00000000c4300000|100%| S|CS|TAMS 0x00000000c4200000, 0x00000000c4200000| Complete 
|  49|0x00000000c4300000, 0x00000000c4400000, 0x00000000c4400000|100%| S|CS|TAMS 0x00000000c4300000, 0x00000000c4300000| Complete 
|  50|0x00000000c4400000, 0x00000000c4400000, 0x00000000c4500000|  0%| F|  |TAMS 0x00000000c4400000, 0x00000000c4400000| Untracked 
|  51|0x00000000c4500000, 0x00000000c4500000, 0x00000000c4600000|  0%| F|  |TAMS 0x00000000c4500000, 0x00000000c4500000| Untracked 
|  52|0x00000000c4600000, 0x00000000c4600000, 0x00000000c4700000|  0%| F|  |TAMS 0x00000000c4600000, 0x00000000c4600000| Untracked 
|  53|0x00000000c4700000, 0x00000000c4700000, 0x00000000c4800000|  0%| F|  |TAMS 0x00000000c4700000, 0x00000000c4700000| Untracked 
|  54|0x00000000c4800000, 0x00000000c4800000, 0x00000000c4900000|  0%| F|  |TAMS 0x00000000c4800000, 0x00000000c4800000| Untracked 
|  55|0x00000000c4900000, 0x00000000c4900000, 0x00000000c4a00000|  0%| F|  |TAMS 0x00000000c4900000, 0x00000000c4900000| Untracked 
|  56|0x00000000c4a00000, 0x00000000c4a00000, 0x00000000c4b00000|  0%| F|  |TAMS 0x00000000c4a00000, 0x00000000c4a00000| Untracked 
|  57|0x00000000c4b00000, 0x00000000c4b00000, 0x00000000c4c00000|  0%| F|  |TAMS 0x00000000c4b00000, 0x00000000c4b00000| Untracked 
|  58|0x00000000c4c00000, 0x00000000c4c00000, 0x00000000c4d00000|  0%| F|  |TAMS 0x00000000c4c00000, 0x00000000c4c00000| Untracked 
|  59|0x00000000c4d00000, 0x00000000c4d00000, 0x00000000c4e00000|  0%| F|  |TAMS 0x00000000c4d00000, 0x00000000c4d00000| Untracked 
|  60|0x00000000c4e00000, 0x00000000c4e00000, 0x00000000c4f00000|  0%| F|  |TAMS 0x00000000c4e00000, 0x00000000c4e00000| Untracked 
|  61|0x00000000c4f00000, 0x00000000c5000000, 0x00000000c5000000|100%| E|  |TAMS 0x00000000c4f00000, 0x00000000c4f00000| Complete 
|  62|0x00000000c5000000, 0x00000000c5100000, 0x00000000c5100000|100%| E|CS|TAMS 0x00000000c5000000, 0x00000000c5000000| Complete 
|  63|0x00000000c5100000, 0x00000000c5200000, 0x00000000c5200000|100%| E|CS|TAMS 0x00000000c5100000, 0x00000000c5100000| Complete 

Card table byte_map: [0x000001ecc65e0000,0x000001ecc67e0000] _byte_map_base: 0x000001ecc5fd7000

Marking Bits (Prev, Next): (CMBitMap*) 0x000001ecaef14688, (CMBitMap*) 0x000001ecaef146c8
 Prev Bits: [0x000001ecc69e0000, 0x000001ecc7998000)
 Next Bits: [0x000001ecc79a0000, 0x000001ecc8958000)

Polling page: 0x000001ecacd70000

Metaspace:

Usage:
  Non-class:      9.26 MB capacity,     9.14 MB ( 99%) used,    98.88 KB (  1%) free+waste,    20.44 KB ( <1%) overhead. 
      Class:      1.27 MB capacity,     1.16 MB ( 91%) used,   100.04 KB (  8%) free+waste,    12.44 KB ( <1%) overhead. 
       Both:     10.53 MB capacity,    10.30 MB ( 98%) used,   198.92 KB (  2%) free+waste,    32.88 KB ( <1%) overhead. 

Virtual space:
  Non-class space:       10.00 MB reserved,       9.50 MB ( 95%) committed 
      Class space:        1.00 GB reserved,       1.38 MB ( <1%) committed 
             Both:        1.01 GB reserved,      10.88 MB (  1%) committed 

Chunk freelists:
   Non-Class:  53.00 KB
       Class:  16.00 KB
        Both:  69.00 KB

MaxMetaspaceSize: 17179869184.00 GB
CompressedClassSpaceSize: 1.00 GB

CodeHeap 'non-profiled nmethods': size=120064Kb used=601Kb max_used=601Kb free=119462Kb
 bounds [0x000001ecbeea0000, 0x000001ecbf110000, 0x000001ecc63e0000]
CodeHeap 'profiled nmethods': size=120000Kb used=3170Kb max_used=3170Kb free=116829Kb
 bounds [0x000001ecb7970000, 0x000001ecb7c90000, 0x000001ecbeea0000]
CodeHeap 'non-nmethods': size=5696Kb used=1312Kb max_used=1339Kb free=4383Kb
 bounds [0x000001ecb73e0000, 0x000001ecb7650000, 0x000001ecb7970000]
 total_blobs=2634 nmethods=1557 adapters=511
 compilation: enabled
              stopped_count=0, restarted_count=0
 full_count=0

Compilation events (20 events):
Event: 51.457 Thread 0x000001eccaf1c000 1554       4       java.lang.Math::max (11 bytes)
Event: 51.457 Thread 0x000001eccaf1c000 nmethod 1554 0x000001ecbef35b90 code [0x000001ecbef35d00, 0x000001ecbef35d58]
Event: 51.458 Thread 0x000001eccaf1f800 nmethod 1550 0x000001ecb7c80590 code [0x000001ecb7c808e0, 0x000001ecb7c81bc0]
Event: 51.458 Thread 0x000001eccaf1f800 1551       3       javax.swing.GroupLayout$ComponentSpring::isVisible (15 bytes)
Event: 51.459 Thread 0x000001eccaf1f800 nmethod 1551 0x000001ecb7c82390 code [0x000001ecb7c82540, 0x000001ecb7c82750]
Event: 51.459 Thread 0x000001eccaf1f800 1556       3       sun.java2d.SunGraphics2D::constrain (216 bytes)
Event: 51.461 Thread 0x000001eccaf1f800 nmethod 1556 0x000001ecb7c82890 code [0x000001ecb7c82b60, 0x000001ecb7c83970]
Event: 51.461 Thread 0x000001eccaf1f800 1552       3       javax.swing.plaf.synth.SynthButtonUI::getContext (10 bytes)
Event: 51.461 Thread 0x000001eccaf1f800 nmethod 1552 0x000001ecb7c83f90 code [0x000001ecb7c841a0, 0x000001ecb7c84780]
Event: 51.461 Thread 0x000001eccaf1f800 1557       3       sun.java2d.SunGraphics2D::getClipBounds (21 bytes)
Event: 51.462 Thread 0x000001eccaf1f800 nmethod 1557 0x000001ecb7c84990 code [0x000001ecb7c84b60, 0x000001ecb7c84fd0]
Event: 51.462 Thread 0x000001eccaf1f800 1558       3       sun.java2d.SunGraphics2D::getClipBounds (102 bytes)
Event: 51.463 Thread 0x000001eccaf1f800 nmethod 1558 0x000001ecb7c85190 code [0x000001ecb7c85480, 0x000001ecb7c86cb0]
Event: 51.463 Thread 0x000001eccaf1f800 1555       1       javax.swing.JComponent::alwaysOnTop (2 bytes)
Event: 51.463 Thread 0x000001eccaf1f800 nmethod 1555 0x000001ecbef35e90 code [0x000001ecbef36020, 0x000001ecbef36158]
Event: 51.463 Thread 0x000001eccaf1f800 1553       1       javax.swing.JLabel::getDisplayedMnemonicIndex (5 bytes)
Event: 51.463 Thread 0x000001eccaf1f800 nmethod 1553 0x000001ecbef36210 code [0x000001ecbef363a0, 0x000001ecbef364d8]
Event: 53.371 Thread 0x000001eccaf1f800 1559       3       java.util.WeakHashMap::put (162 bytes)
Event: 53.372 Thread 0x000001eccaf1f800 nmethod 1559 0x000001ecb7c87210 code [0x000001ecb7c874a0, 0x000001ecb7c884c0]
Event: 53.480 Thread 0x000001eccaf1f800 1560   !   3       java.awt.KeyboardFocusManager::processCurrentLightweightRequests (345 bytes)

GC Heap History (2 events):
Event: 46.575 GC heap before
{Heap before GC invocations=0 (full 0):
 garbage-first heap   total 65536K, used 15360K [0x00000000c1200000, 0x0000000100000000)
  region size 1024K, 14 young (14336K), 0 survivors (0K)
 Metaspace       used 10458K, capacity 10651K, committed 10880K, reserved 1058816K
  class space    used 1183K, capacity 1296K, committed 1408K, reserved 1048576K
}
Event: 46.582 GC heap after
{Heap after GC invocations=1 (full 0):
 garbage-first heap   total 65536K, used 3639K [0x00000000c1200000, 0x0000000100000000)
  region size 1024K, 2 young (2048K), 2 survivors (2048K)
 Metaspace       used 10458K, capacity 10651K, committed 10880K, reserved 1058816K
  class space    used 1183K, capacity 1296K, committed 1408K, reserved 1048576K
}

Deoptimization events (20 events):
Event: 28.376 Thread 0x000001eccb9b2000 Uncommon trap: trap_request=0xffffffbe fr.pc=0x000001ecbeefa9b4 relative=0x00000000000006d4
Event: 28.376 Thread 0x000001eccb9b2000 Uncommon trap: reason=profile_predicate action=maybe_recompile pc=0x000001ecbeefa9b4 method=java.awt.LinearGradientPaintContext.fillRaster([IIIIIII)V @ 50 c2
Event: 28.376 Thread 0x000001eccb9b2000 DEOPT PACKING pc=0x000001ecbeefa9b4 sp=0x000000d072ffd740
Event: 28.376 Thread 0x000001eccb9b2000 DEOPT UNPACKING pc=0x000001ecb742912f sp=0x000000d072ffd6f8 mode 2
Event: 28.376 Thread 0x000001eccb9b2000 Uncommon trap: trap_request=0xffffffbe fr.pc=0x000001ecbef01470 relative=0x0000000000000690
Event: 28.376 Thread 0x000001eccb9b2000 Uncommon trap: reason=profile_predicate action=maybe_recompile pc=0x000001ecbef01470 method=java.awt.LinearGradientPaintContext.fillRaster([IIIIIII)V @ 53 c2
Event: 28.376 Thread 0x000001eccb9b2000 DEOPT PACKING pc=0x000001ecbef01470 sp=0x000000d072ffd770
Event: 28.376 Thread 0x000001eccb9b2000 DEOPT UNPACKING pc=0x000001ecb742912f sp=0x000000d072ffd6e8 mode 2
Event: 30.558 Thread 0x000001eccb9b2000 DEOPT PACKING pc=0x000001ecb7ac8a3c sp=0x000000d072ffd900
Event: 30.558 Thread 0x000001eccb9b2000 DEOPT UNPACKING pc=0x000001ecb742964e sp=0x000000d072ffcd20 mode 0
Event: 31.615 Thread 0x000001eccb9b2000 DEOPT PACKING pc=0x000001ecb7b6cb10 sp=0x000000d072ffd780
Event: 31.615 Thread 0x000001eccb9b2000 DEOPT UNPACKING pc=0x000001ecb742964e sp=0x000000d072ffcb60 mode 0
Event: 33.618 Thread 0x000001eccb9b2000 DEOPT PACKING pc=0x000001ecb7b3d848 sp=0x000000d072ffd910
Event: 33.618 Thread 0x000001eccb9b2000 DEOPT UNPACKING pc=0x000001ecb742964e sp=0x000000d072ffcd78 mode 0
Event: 38.129 Thread 0x000001eccb9b2000 DEOPT PACKING pc=0x000001ecb7b084d2 sp=0x000000d072ffd980
Event: 38.129 Thread 0x000001eccb9b2000 DEOPT UNPACKING pc=0x000001ecb742964e sp=0x000000d072ffcd78 mode 0
Event: 38.634 Thread 0x000001eccb9b2000 DEOPT PACKING pc=0x000001ecb7b72d26 sp=0x000000d072ffd7b0
Event: 38.634 Thread 0x000001eccb9b2000 DEOPT UNPACKING pc=0x000001ecb742964e sp=0x000000d072ffcb38 mode 0
Event: 43.643 Thread 0x000001eccb9b2000 DEOPT PACKING pc=0x000001ecb7ac283f sp=0x000000d072ffd770
Event: 43.643 Thread 0x000001eccb9b2000 DEOPT UNPACKING pc=0x000001ecb742964e sp=0x000000d072ffcc00 mode 0

Classes unloaded (0 events):
No events

Classes redefined (0 events):
No events

Internal exceptions (20 events):
Event: 7.250 Thread 0x000001ecaeee5000 Exception <a 'java/lang/ClassNotFoundException'{0x00000000c4ee7898}: ToolBar> (0x00000000c4ee7898) 
thrown [t:/workspace/open/src/hotspot/share/classfile/systemDictionary.cpp, line 232]
Event: 7.250 Thread 0x000001ecaeee5000 Exception <a 'java/lang/ClassNotFoundException'{0x00000000c4ee7c08}: ToggleButton> (0x00000000c4ee7c08) 
thrown [t:/workspace/open/src/hotspot/share/classfile/systemDictionary.cpp, line 232]
Event: 7.250 Thread 0x000001ecaeee5000 Exception <a 'java/lang/ClassNotFoundException'{0x00000000c4ee8048}: javax/swing/JToolBarSeparator> (0x00000000c4ee8048) 
thrown [t:/workspace/open/src/hotspot/share/classfile/systemDictionary.cpp, line 232]
Event: 7.251 Thread 0x000001ecaeee5000 Exception <a 'java/lang/ClassNotFoundException'{0x00000000c4ee8350}: ToolBarSeparator> (0x00000000c4ee8350) 
thrown [t:/workspace/open/src/hotspot/share/classfile/systemDictionary.cpp, line 232]
Event: 7.251 Thread 0x000001ecaeee5000 Exception <a 'java/lang/ClassNotFoundException'{0x00000000c4ee8868}: ToolTip> (0x00000000c4ee8868) 
thrown [t:/workspace/open/src/hotspot/share/classfile/systemDictionary.cpp, line 232]
Event: 7.253 Thread 0x000001ecaeee5000 Exception <a 'java/lang/ClassNotFoundException'{0x00000000c4ee91b8}: Tree> (0x00000000c4ee91b8) 
thrown [t:/workspace/open/src/hotspot/share/classfile/systemDictionary.cpp, line 232]
Event: 7.253 Thread 0x000001ecaeee5000 Exception <a 'java/lang/ClassNotFoundException'{0x00000000c4ee96b0}: Tree> (0x00000000c4ee96b0) 
thrown [t:/workspace/open/src/hotspot/share/classfile/systemDictionary.cpp, line 232]
Event: 7.253 Thread 0x000001ecaeee5000 Exception <a 'java/lang/ClassNotFoundException'{0x00000000c4ee9a20}: javax/swing/JTreeCell> (0x00000000c4ee9a20) 
thrown [t:/workspace/open/src/hotspot/share/classfile/systemDictionary.cpp, line 232]
Event: 7.253 Thread 0x000001ecaeee5000 Exception <a 'java/lang/ClassNotFoundException'{0x00000000c4ee9d20}: TreeCell> (0x00000000c4ee9d20) 
thrown [t:/workspace/open/src/hotspot/share/classfile/systemDictionary.cpp, line 232]
Event: 7.254 Thread 0x000001ecaeee5000 Exception <a 'java/lang/ClassNotFoundException'{0x00000000c4eea4e0}: RootPane> (0x00000000c4eea4e0) 
thrown [t:/workspace/open/src/hotspot/share/classfile/systemDictionary.cpp, line 232]
Event: 7.327 Thread 0x000001ecaeee5000 Exception <a 'java/lang/ClassNotFoundException'{0x00000000c4eed310}: com/sun/swing/internal/plaf/metal/resources/spi/metalProvider> (0x00000000c4eed310) 
thrown [t:/workspace/open/src/hotspot/share/classfile/systemDictionary.cpp, line 232]
Event: 7.349 Thread 0x000001ecaeee5000 Exception <a 'java/lang/ClassNotFoundException'{0x00000000c4ef1360}: com/sun/swing/internal/plaf/basic/resources/spi/basicProvider> (0x00000000c4ef1360) 
thrown [t:/workspace/open/src/hotspot/share/classfile/systemDictionary.cpp, line 232]
Event: 7.749 Thread 0x000001eccb9b2000 Exception <a 'java/lang/ClassNotFoundException'{0x00000000c4d64330}: com/sun/swing/internal/plaf/synth/resources/spi/synthProvider> (0x00000000c4d64330) 
thrown [t:/workspace/open/src/hotspot/share/classfile/systemDictionary.cpp, line 232]
Event: 9.097 Thread 0x000001eccb9b2000 Exception <a 'java/lang/NoSuchMethodError'{0x00000000c4c43d78}: 'void java.lang.invoke.DirectMethodHandle$Holder.invokeStaticInit(java.lang.Object)'> (0x00000000c4c43d78) 
thrown [t:/workspace/open/src/hotspot/share/interpreter/linkResolver.cpp, line 767]
Event: 9.263 Thread 0x000001eccb9b2000 Exception <a 'java/lang/NoSuchMethodError'{0x00000000c4c6b350}: 'java.lang.Object java.lang.invoke.Invokers$Holder.linkToTargetMethod(java.lang.Object, int, java.lang.Object)'> (0x00000000c4c6b350) 
thrown [t:/workspace/open/src/hotspot/share/interpreter/linkResolver.cpp, line 767]
Event: 28.376 Thread 0x000001eccb9b2000 Implicit null exception at 0x000001ecbef00ee5 to 0x000001ecbef01437
Event: 28.376 Thread 0x000001eccb9b2000 Implicit null exception at 0x000001ecbeefa3b9 to 0x000001ecbeefa946
Event: 28.376 Thread 0x000001eccb9b2000 Implicit null exception at 0x000001ecbef00ee5 to 0x000001ecbef01437
Event: 28.376 Thread 0x000001eccb9b2000 Implicit null exception at 0x000001ecbeefa3b9 to 0x000001ecbeefa946
Event: 28.376 Thread 0x000001eccb9b2000 Implicit null exception at 0x000001ecbef00ee5 to 0x000001ecbef01437

Events (20 events):
Event: 17.481 loading class sun/swing/text/UndoableEditLockSupport done
Event: 17.481 loading class javax/swing/text/AbstractDocument$DefaultDocumentEventUndoableWrapper done
Event: 17.481 loading class javax/swing/event/UndoableEditListener
Event: 17.481 loading class javax/swing/event/UndoableEditListener done
Event: 17.482 loading class javax/swing/RepaintManager$3
Event: 17.482 loading class javax/swing/RepaintManager$3 done
Event: 20.138 Loaded shared library C:\Program Files\Java\jdk-13.0.1\bin\java.dll
Event: 20.142 Loaded shared library C:\Program Files\Java\jdk-13.0.1\bin\java.dll
Event: 20.145 Loaded shared library C:\Program Files\Java\jdk-13.0.1\bin\java.dll
Event: 20.148 Loaded shared library C:\Program Files\Java\jdk-13.0.1\bin\java.dll
Event: 25.714 loading class javax/swing/text/GapContent$RemoveUndo
Event: 25.715 loading class javax/swing/text/GapContent$RemoveUndo done
Event: 32.618 Loaded shared library C:\Program Files\Java\jdk-13.0.1\bin\java.dll
Event: 32.620 Loaded shared library C:\Program Files\Java\jdk-13.0.1\bin\java.dll
Event: 32.622 Loaded shared library C:\Program Files\Java\jdk-13.0.1\bin\java.dll
Event: 32.625 Loaded shared library C:\Program Files\Java\jdk-13.0.1\bin\java.dll
Event: 44.440 loading class javax/swing/text/GapContent$UndoPosRef
Event: 44.440 loading class javax/swing/text/GapContent$UndoPosRef done
Event: 46.575 Executing VM operation: G1CollectForAllocation
Event: 46.582 Executing VM operation: G1CollectForAllocation done


Dynamic libraries:
0x00007ff6fb550000 - 0x00007ff6fb55f000 	C:\Program Files\Java\jdk-13.0.1\bin\java.exe
0x00007fff35ad0000 - 0x00007fff35cbd000 	C:\WINDOWS\SYSTEM32\ntdll.dll
0x00007fff28cc0000 - 0x00007fff28cd4000 	C:\Program Files\AVAST Software\Avast\aswhook.dll
0x00007fff33d50000 - 0x00007fff33e03000 	C:\WINDOWS\System32\KERNEL32.DLL
0x00007fff31c40000 - 0x00007fff31ed3000 	C:\WINDOWS\System32\KERNELBASE.dll
0x00007fff31ee0000 - 0x00007fff31fda000 	C:\WINDOWS\System32\ucrtbase.dll
0x00007fff272b0000 - 0x00007fff272c8000 	C:\Program Files\Java\jdk-13.0.1\bin\jli.dll
0x00007fff341c0000 - 0x00007fff34263000 	C:\WINDOWS\System32\ADVAPI32.dll
0x00007fff32cf0000 - 0x00007fff32d8e000 	C:\WINDOWS\System32\msvcrt.dll
0x00007fff331f0000 - 0x00007fff3328e000 	C:\WINDOWS\System32\sechost.dll
0x00007fff32ea0000 - 0x00007fff32fc2000 	C:\WINDOWS\System32\RPCRT4.dll
0x00007fff33570000 - 0x00007fff33707000 	C:\WINDOWS\System32\USER32.dll
0x00007fff324c0000 - 0x00007fff324e0000 	C:\WINDOWS\System32\win32u.dll
0x00007fff33e70000 - 0x00007fff33e99000 	C:\WINDOWS\System32\GDI32.dll
0x00007fff32320000 - 0x00007fff324b9000 	C:\WINDOWS\System32\gdi32full.dll
0x00007fff32c50000 - 0x00007fff32cf0000 	C:\WINDOWS\System32\msvcp_win.dll
0x00007fff29b00000 - 0x00007fff29b15000 	C:\Program Files\Java\jdk-13.0.1\bin\VCRUNTIME140.dll
0x00007fff26400000 - 0x00007fff26679000 	C:\WINDOWS\WinSxS\amd64_microsoft.windows.common-controls_6595b64144ccf1df_6.0.17763.914_none_05b346b2072102f2\COMCTL32.dll
0x00007fff35770000 - 0x00007fff35a9c000 	C:\WINDOWS\System32\combase.dll
0x00007fff31b90000 - 0x00007fff31c0e000 	C:\WINDOWS\System32\bcryptPrimitives.dll
0x00007fff28410000 - 0x00007fff2841a000 	C:\WINDOWS\SYSTEM32\VERSION.dll
0x00007fff33520000 - 0x00007fff3354e000 	C:\WINDOWS\System32\IMM32.DLL
0x00007fff29a30000 - 0x00007fff29acb000 	C:\Program Files\Java\jdk-13.0.1\bin\msvcp140.dll
0x00007ffedc190000 - 0x00007ffedccf6000 	C:\Program Files\Java\jdk-13.0.1\bin\server\jvm.dll
0x00007fff33510000 - 0x00007fff33518000 	C:\WINDOWS\System32\PSAPI.DLL
0x00007fff22c80000 - 0x00007fff22c89000 	C:\WINDOWS\SYSTEM32\WSOCK32.dll
0x00007fff33c10000 - 0x00007fff33c7d000 	C:\WINDOWS\System32\WS2_32.dll
0x00007fff2ed40000 - 0x00007fff2ed64000 	C:\WINDOWS\SYSTEM32\WINMM.dll
0x00007fff2ed10000 - 0x00007fff2ed3d000 	C:\WINDOWS\SYSTEM32\WINMMBASE.dll
0x00007fff32270000 - 0x00007fff322ba000 	C:\WINDOWS\System32\cfgmgr32.dll
0x00007fff31b70000 - 0x00007fff31b81000 	C:\WINDOWS\System32\kernel.appcore.dll
0x00007fff29d40000 - 0x00007fff29d50000 	C:\Program Files\Java\jdk-13.0.1\bin\verify.dll
0x00007fff30460000 - 0x00007fff3064d000 	C:\WINDOWS\SYSTEM32\DBGHELP.DLL
0x00007fff28160000 - 0x00007fff2818a000 	C:\WINDOWS\SYSTEM32\dbgcore.DLL
0x00007fff29ad0000 - 0x00007fff29af6000 	C:\Program Files\Java\jdk-13.0.1\bin\java.dll
0x00007fff29930000 - 0x00007fff29947000 	C:\Program Files\Java\jdk-13.0.1\bin\zip.dll
0x00007fff29b80000 - 0x00007fff29b8a000 	C:\Program Files\Java\jdk-13.0.1\bin\jimage.dll
0x00007fff34270000 - 0x00007fff35764000 	C:\WINDOWS\System32\SHELL32.dll
0x00007fff33460000 - 0x00007fff33508000 	C:\WINDOWS\System32\shcore.dll
0x00007fff32500000 - 0x00007fff32c4d000 	C:\WINDOWS\System32\windows.storage.dll
0x00007fff31ae0000 - 0x00007fff31b04000 	C:\WINDOWS\System32\profapi.dll
0x00007fff31b10000 - 0x00007fff31b6d000 	C:\WINDOWS\System32\powrprof.dll
0x00007fff33e10000 - 0x00007fff33e62000 	C:\WINDOWS\System32\shlwapi.dll
0x00007fff324e0000 - 0x00007fff324f7000 	C:\WINDOWS\System32\cryptsp.dll
0x00007fff00f70000 - 0x00007fff01109000 	C:\Program Files\Java\jdk-13.0.1\bin\awt.dll
0x00007fff33c80000 - 0x00007fff33d44000 	C:\WINDOWS\System32\OLEAUT32.dll
0x00007fff2e6f0000 - 0x00007fff2ecae000 	C:\WINDOWS\SYSTEM32\d2d1.dll
0x00007fff2f2e0000 - 0x00007fff2f36c000 	C:\WINDOWS\SYSTEM32\apphelp.dll
0x00007fff2f870000 - 0x00007fff2f90c000 	C:\WINDOWS\system32\uxtheme.dll
0x00007fff33ea0000 - 0x00007fff3400c000 	C:\WINDOWS\System32\MSCTF.dll
0x00007fff2fdd0000 - 0x00007fff2fdfe000 	C:\WINDOWS\system32\dwmapi.dll
0x00007fff31fe0000 - 0x00007fff321bb000 	C:\WINDOWS\System32\CRYPT32.dll
0x00007fff31ac0000 - 0x00007fff31ad2000 	C:\WINDOWS\System32\MSASN1.dll
0x00007fff33300000 - 0x00007fff33455000 	C:\WINDOWS\System32\ole32.dll
0x00007fff02c00000 - 0x00007fff02c82000 	C:\Program Files\Java\jdk-13.0.1\bin\freetype.dll
0x00007fff029d0000 - 0x00007fff02a76000 	C:\Program Files\Java\jdk-13.0.1\bin\fontmanager.dll
0x00007fff015b0000 - 0x00007fff016d7000 	C:\WINDOWS\system32\opengl32.dll
0x00007fff047e0000 - 0x00007fff0480c000 	C:\WINDOWS\SYSTEM32\GLU32.dll
0x00007fff32df0000 - 0x00007fff32e92000 	C:\WINDOWS\System32\clbcatq.dll
0x00007fff2d030000 - 0x00007fff2d1e8000 	C:\WINDOWS\SYSTEM32\WindowsCodecs.dll
0x00007fff275a0000 - 0x00007fff275f6000 	C:\WINDOWS\system32\dataexchange.dll
0x00007fff2e470000 - 0x00007fff2e6ee000 	C:\WINDOWS\system32\d3d11.dll
0x00007fff2e2a0000 - 0x00007fff2e463000 	C:\WINDOWS\system32\dcomp.dll
0x00007fff307f0000 - 0x00007fff308b2000 	C:\WINDOWS\system32\dxgi.dll
0x00007fff2ff00000 - 0x00007fff3010d000 	C:\WINDOWS\system32\twinapi.appcore.dll
0x00007fff2feb0000 - 0x00007fff2fed8000 	C:\WINDOWS\system32\RMCLIENT.dll
0x00007fff212e0000 - 0x00007fff212f9000 	C:\Program Files\Java\jdk-13.0.1\bin\net.dll
0x00007fff243e0000 - 0x00007fff244d2000 	C:\WINDOWS\SYSTEM32\WINHTTP.dll
0x00007fff31330000 - 0x00007fff31397000 	C:\WINDOWS\system32\mswsock.dll
0x00007fff15b10000 - 0x00007fff15b23000 	C:\Program Files\Java\jdk-13.0.1\bin\nio.dll
0x00007fff27180000 - 0x00007fff27215000 	C:\WINDOWS\System32\TextInputFramework.dll
0x00007fff2d430000 - 0x00007fff2d752000 	C:\WINDOWS\System32\CoreUIComponents.dll
0x00007fff2ed70000 - 0x00007fff2ee52000 	C:\WINDOWS\System32\CoreMessaging.dll
0x00007fff30b30000 - 0x00007fff30b61000 	C:\WINDOWS\SYSTEM32\ntmarta.dll
0x00007fff2d210000 - 0x00007fff2d363000 	C:\WINDOWS\SYSTEM32\wintypes.dll

dbghelp: loaded successfully - version: 4.0.5 - missing functions: none
symbol engine: initialized successfully - sym options: 0x614 - pdb path: .;C:\Program Files\Java\jdk-13.0.1\bin;C:\WINDOWS\SYSTEM32;C:\Program Files\AVAST Software\Avast;C:\WINDOWS\WinSxS\amd64_microsoft.windows.common-controls_6595b64144ccf1df_6.0.17763.914_none_05b346b2072102f2;C:\Program Files\Java\jdk-13.0.1\bin\server

VM Arguments:
java_command: com.mycompany.votacao.Telavotos
java_class_path (initial): C:\Users\carlo\OneDrive\Documentos\NetBeansProjects\Votacao\target\classes
Launcher Type: SUN_STANDARD

[Global flags]
     intx CICompilerCount                          = 3                                         {product} {ergonomic}
     uint ConcGCThreads                            = 1                                         {product} {ergonomic}
     uint G1ConcRefinementThreads                  = 4                                         {product} {ergonomic}
   size_t G1HeapRegionSize                         = 1048576                                   {product} {ergonomic}
    uintx GCDrainStackTargetSize                   = 64                                        {product} {ergonomic}
   size_t InitialHeapSize                          = 67108864                                  {product} {ergonomic}
   size_t MarkStackSize                            = 4194304                                   {product} {ergonomic}
   size_t MaxHeapSize                              = 1054867456                                {product} {ergonomic}
   size_t MaxNewSize                               = 632291328                                 {product} {ergonomic}
   size_t MinHeapDeltaBytes                        = 1048576                                   {product} {ergonomic}
   size_t MinHeapSize                              = 8388608                                   {product} {ergonomic}
    uintx NonNMethodCodeHeapSize                   = 5830732                                {pd product} {ergonomic}
    uintx NonProfiledCodeHeapSize                  = 122913754                              {pd product} {ergonomic}
    uintx ProfiledCodeHeapSize                     = 122913754                              {pd product} {ergonomic}
    uintx ReservedCodeCacheSize                    = 251658240                              {pd product} {ergonomic}
     bool SegmentedCodeCache                       = true                                      {product} {ergonomic}
   size_t SoftMaxHeapSize                          = 1054867456                             {manageable} {ergonomic}
     bool UseCompressedClassPointers               = true                                 {lp64_product} {ergonomic}
     bool UseCompressedOops                        = true                                 {lp64_product} {ergonomic}
     bool UseG1GC                                  = true                                      {product} {ergonomic}
     bool UseLargePagesIndividualAllocation        = false                                  {pd product} {ergonomic}

Logging:
Log output configuration:
 #0: stdout all=warning uptime,level,tags
 #1: stderr all=off uptime,level,tags

Environment Variables:
JAVA_HOME=C:\Program Files\Java\jdk-13.0.1
PATH=C:\Program Files (x86)\Common Files\Oracle\Java\javapath;C:\WINDOWS\system32;C:\WINDOWS;C:\WINDOWS\System32\Wbem;C:\WINDOWS\System32\WindowsPowerShell\v1.0\;C:\WINDOWS\System32\OpenSSH\;C:\Program Files\Microsoft SQL Server\Client SDK\ODBC\130\Tools\Binn\;C:\Program Files (x86)\Microsoft SQL Server\140\Tools\Binn\;C:\Program Files\Microsoft SQL Server\140\Tools\Binn\;C:\Program Files\Microsoft SQL Server\140\DTS\Binn\;C:\Program Files\nodejs\;C:\Program Files\Git\cmd;C:\Gradle\gradle-6.0.1\bin;C:\Users\carlo\apache maven\apache-maven-3.6.3\bin;C:\Users\carlo\AppData\Local\Microsoft\WindowsApps;C:\Users\carlo\AppData\Roaming\npm;C:\Program Files\MongoDB\Server\4.0\bin;;C:\Users\carlo\AppData\Local\Programs\Microsoft VS Code\bin;C:\Program Files\JetBrains\PyCharm Community Edition 2018.3.4\bin;;C:\Program Files\JetBrains\IntelliJ IDEA Community Edition 2019.3\bin;
USERNAME=carlo
OS=Windows_NT
PROCESSOR_IDENTIFIER=Intel64 Family 6 Model 61 Stepping 4, GenuineIntel



---------------  S Y S T E M  ---------------

OS: Windows 10 , 64 bit Build 17763 (10.0.17763.475)

CPU:total 4 (initial active 4) (2 cores per cpu, 2 threads per core) family 6 model 61 stepping 4, cmov, cx8, fxsr, mmx, sse, sse2, sse3, ssse3, sse4.1, sse4.2, popcnt, avx, avx2, aes, clmul, erms, 3dnowpref, lzcnt, ht, tsc, tscinvbit, bmi1, bmi2, adx, fma

Memory: 4k page, system-wide physical 4019M (60M free)
TotalPageFile size 16307M (AvailPageFile size 0M)
current process WorkingSet (physical memory assigned to process): 73M, peak: 77M
current process commit charge ("private bytes"): 152M, peak: 164M

vm_info: Java HotSpot(TM) 64-Bit Server VM (13.0.1+9) for windows-amd64 JRE (13.0.1+9), built on Oct  6 2019 12:37:49 by "mach5one" with unknown MS VC++:1916

END.
